# JRE version: OpenJDK Runtime Environment Temurin-17.0.15+6 (17.0.15+6) (build 17.0.15+6)
# Java VM: OpenJDK 64-Bit Server VM Temurin-17.0.15+6 (17.0.15+6, mixed mode, sharing, tiered, compressed oops, compressed class ptrs, g1 gc, linux-amd64)
Heap:
 garbage-first heap   total 557056K, used 92731K [0x0000000707c00000, 0x0000000800000000)
  region size 2048K, 45 young (92160K), 1 survivors (2048K)
 Metaspace       used 8683K, committed 8896K, reserved 1114112K
  class space    used 733K, committed 832K, reserved 1048576K
GC Heap History (20 events):
Event: 6.045 GC heap before
{Heap before GC invocations=62 (full 0):
 garbage-first heap   total 557056K, used 336443K [0x0000000707c00000, 0x0000000800000000)
  region size 2048K, 163 young (333824K), 1 survivors (2048K)
 Metaspace       used 8679K, committed 8896K, reserved 1114112K
  class space    used 733K, committed 832K, reserved 1048576K
}
Event: 6.045 GC heap after
{Heap after GC invocations=63 (full 0):
 garbage-first heap   total 557056K, used 4667K [0x0000000707c00000, 0x0000000800000000)
  region size 2048K, 1 young (2048K), 1 survivors (2048K)
 Metaspace       used 8679K, committed 8896K, reserved 1114112K
  class space    used 733K, committed 832K, reserved 1048576K
}
Event: 6.143 GC heap before
{Heap before GC invocations=63 (full 0):
 garbage-first heap   total 557056K, used 336443K [0x0000000707c00000, 0x0000000800000000)
  region size 2048K, 163 young (333824K), 1 survivors (2048K)
 Metaspace       used 8679K, committed 8896K, reserved 1114112K
  class space    used 733K, committed 832K, reserved 1048576K
}
Event: 6.143 GC heap after
{Heap after GC invocations=64 (full 0):
 garbage-first heap   total 557056K, used 4667K [0x0000000707c00000, 0x0000000800000000)
  region size 2048K, 1 young (2048K), 1 survivors (2048K)
 Metaspace       used 8679K, committed 8896K, reserved 1114112K
  class space    used 733K, committed 832K, reserved 1048576K
}
Event: 6.243 GC heap before
{Heap before GC invocations=64 (full 0):
 garbage-first heap   total 557056K, used 336443K [0x0000000707c00000, 0x0000000800000000)
  region size 2048K, 163 young (333824K), 1 survivors (2048K)
 Metaspace       used 8679K, committed 8896K, reserved 1114112K
  class space    used 733K, committed 832K, reserved 1048576K
}
Event: 6.244 GC heap after
{Heap after GC invocations=65 (full 0):
 garbage-first heap   total 557056K, used 4667K [0x0000000707c00000, 0x0000000800000000)
  region size 2048K, 1 young (2048K), 1 survivors (2048K)
 Metaspace       used 8679K, committed 8896K, reserved 1114112K
  class space    used 733K, committed 832K, reserved 1048576K
}
Event: 6.340 GC heap before
{Heap before GC invocations=65 (full 0):
 garbage-first heap   total 557056K, used 336443K [0x0000000707c00000, 0x0000000800000000)
  region size 2048K, 163 young (333824K), 1 survivors (2048K)
 Metaspace       used 8679K, committed 8896K, reserved 1114112K
  class space    used 733K, committed 832K, reserved 1048576K
}
Event: 6.341 GC heap after
{Heap after GC invocations=66 (full 0):
 garbage-first heap   total 557056K, used 4667K [0x0000000707c00000, 0x0000000800000000)
  region size 2048K, 1 young (2048K), 1 survivors (2048K)
 Metaspace       used 8679K, committed 8896K, reserved 1114112K
  class space    used 733K, committed 832K, reserved 1048576K
}
Event: 6.439 GC heap before
{Heap before GC invocations=66 (full 0):
 garbage-first heap   total 557056K, used 336443K [0x0000000707c00000, 0x0000000800000000)
  region size 2048K, 163 young (333824K), 1 survivors (2048K)
 Metaspace       used 8679K, committed 8896K, reserved 1114112K
  class space    used 733K, committed 832K, reserved 1048576K
}
Event: 6.440 GC heap after
{Heap after GC invocations=67 (full 0):
 garbage-first heap   total 557056K, used 4667K [0x0000000707c00000, 0x0000000800000000)
  region size 2048K, 1 young (2048K), 1 survivors (2048K)
 Metaspace       used 8679K, committed 8896K, reserved 1114112K
  class space    used 733K, committed 832K, reserved 1048576K
}
Event: 6.536 GC heap before
{Heap before GC invocations=67 (full 0):
 garbage-first heap   total 557056K, used 336443K [0x0000000707c00000, 0x0000000800000000)
  region size 2048K, 163 young (333824K), 1 survivors (2048K)
 Metaspace       used 8679K, committed 8896K, reserved 1114112K
  class space    used 733K, committed 832K, reserved 1048576K
}
Event: 6.536 GC heap after
{Heap after GC invocations=68 (full 0):
 garbage-first heap   total 557056K, used 4667K [0x0000000707c00000, 0x0000000800000000)
  region size 2048K, 1 young (2048K), 1 survivors (2048K)
 Metaspace       used 8679K, committed 8896K, reserved 1114112K
  class space    used 733K, committed 832K, reserved 1048576K
}
Event: 6.635 GC heap before
{Heap before GC invocations=68 (full 0):
 garbage-first heap   total 557056K, used 336443K [0x0000000707c00000, 0x0000000800000000)
  region size 2048K, 163 young (333824K), 1 survivors (2048K)
 Metaspace       used 8679K, committed 8896K, reserved 1114112K
  class space    used 733K, committed 832K, reserved 1048576K
}
Event: 6.635 GC heap after
{Heap after GC invocations=69 (full 0):
 garbage-first heap   total 557056K, used 4667K [0x0000000707c00000, 0x0000000800000000)
  region size 2048K, 1 young (2048K), 1 survivors (2048K)
 Metaspace       used 8679K, committed 8896K, reserved 1114112K
  class space    used 733K, committed 832K, reserved 1048576K
}
Event: 6.731 GC heap before
{Heap before GC invocations=69 (full 0):
 garbage-first heap   total 557056K, used 336443K [0x0000000707c00000, 0x0000000800000000)
  region size 2048K, 163 young (333824K), 1 survivors (2048K)
 Metaspace       used 8679K, committed 8896K, reserved 1114112K
  class space    used 733K, committed 832K, reserved 1048576K
}
Event: 6.732 GC heap after
{Heap after GC invocations=70 (full 0):
 garbage-first heap   total 557056K, used 4667K [0x0000000707c00000, 0x0000000800000000)
  region size 2048K, 1 young (2048K), 1 survivors (2048K)
 Metaspace       used 8679K, committed 8896K, reserved 1114112K
  class space    used 733K, committed 832K, reserved 1048576K
}
Event: 6.822 GC heap before
{Heap before GC invocations=70 (full 0):
 garbage-first heap   total 557056K, used 336443K [0x0000000707c00000, 0x0000000800000000)
  region size 2048K, 163 young (333824K), 1 survivors (2048K)
 Metaspace       used 8680K, committed 8896K, reserved 1114112K
  class space    used 733K, committed 832K, reserved 1048576K
}
Event: 6.822 GC heap after
{Heap after GC invocations=71 (full 0):
 garbage-first heap   total 557056K, used 4667K [0x0000000707c00000, 0x0000000800000000)
  region size 2048K, 1 young (2048K), 1 survivors (2048K)
 Metaspace       used 8680K, committed 8896K, reserved 1114112K
  class space    used 733K, committed 832K, reserved 1048576K
}
Event: 6.907 GC heap before
{Heap before GC invocations=71 (full 0):
 garbage-first heap   total 557056K, used 336443K [0x0000000707c00000, 0x0000000800000000)
  region size 2048K, 163 young (333824K), 1 survivors (2048K)
 Metaspace       used 8680K, committed 8896K, reserved 1114112K
  class space    used 733K, committed 832K, reserved 1048576K
}
Event: 6.908 GC heap after
{Heap after GC invocations=72 (full 0):
 garbage-first heap   total 557056K, used 4667K [0x0000000707c00000, 0x0000000800000000)
  region size 2048K, 1 young (2048K), 1 survivors (2048K)
 Metaspace       used 8680K, committed 8896K, reserved 1114112K
  class space    used 733K, committed 832K, reserved 1048576K
}

